+-----+-----------------------------------------------------------------------------------------------------+-------+-----------+------------------------------------------------------------------+
| id  | url                                                                                                 | level | parent_id | code                                                             |
+-----+-----------------------------------------------------------------------------------------------------+-------+-----------+------------------------------------------------------------------+
|   0 | https://www.foonathan.net/                                                                          |     0 |        -1 | 0aab9eba58eb8851e587a66af20b4c5b9cc93120b9dc1b7875fc1ff795befd64 |
|   1 | https://www.foonathan.net/2022/09/new-integer-types/#content                                        |     1 |         0 | 940881d9402d85667db98f7db77920b525871e52fd128c9818d5fb7fddae8a24 |
|   2 | https://www.foonathan.net/2022/09/new-integer-types/#more                                           |     1 |         0 | 940881d9402d85667db98f7db77920b525871e52fd128c9818d5fb7fddae8a24 |
|   3 | https://www.foonathan.net/2022/08/malloc-interface/#content                                         |     1 |         0 | a7016bcabd188182cdf0407ac70b564ad5626a9112ee3f129c8a99a7fdc9b7b3 |
|   4 | https://www.foonathan.net/2022/08/malloc-interface/#more                                            |     1 |         0 | a7016bcabd188182cdf0407ac70b564ad5626a9112ee3f129c8a99a7fdc9b7b3 |
|   5 | https://www.foonathan.net/2022/07/carbon-calling-convention/#content                                |     1 |         0 | e3dd449989ef2174f74b640f148aabc3efa1b4988d73832c04d2053b4cd4fe81 |
|   6 | https://www.foonathan.net/2022/07/carbon-calling-convention/#more                                   |     1 |         0 | e3dd449989ef2174f74b640f148aabc3efa1b4988d73832c04d2053b4cd4fe81 |
|   7 | https://www.foonathan.net/2022/06/cmake-fetchcontent/#content                                       |     1 |         0 | 2e36927bfb37476a5c2c93f5f6ded5f4df9b6f489d84208ee6c297818376328d |
|   8 | https://www.foonathan.net/2022/06/cmake-fetchcontent/#more                                          |     1 |         0 | 2e36927bfb37476a5c2c93f5f6ded5f4df9b6f489d84208ee6c297818376328d |
|   9 | https://www.foonathan.net/2022/05/recursive-variant-box/#content                                    |     1 |         0 | 5eb26564ea03b76cd642ed5f5ffc5d03449493c76cd007c905a1f04c25f77e6e |
|  10 | https://www.foonathan.net/2022/05/recursive-variant-box/#more                                       |     1 |         0 | 5eb26564ea03b76cd642ed5f5ffc5d03449493c76cd007c905a1f04c25f77e6e |
|  11 | https://www.foonathan.net/post/page/2/                                                              |     1 |         0 | ca48795840187159fc0c713f624051db7522c60e76599012b9c7173d03de9515 |
|  12 | https://www.foonathan.net/2022/09/new-integer-types/                                                |     2 |         1 | 940881d9402d85667db98f7db77920b525871e52fd128c9818d5fb7fddae8a24 |
|  13 | https://www.foonathan.net/2022/08/malloc-interface/                                                 |     2 |         3 | a7016bcabd188182cdf0407ac70b564ad5626a9112ee3f129c8a99a7fdc9b7b3 |
|  14 | https://www.foonathan.net/2022/07/carbon-calling-convention/                                        |     2 |         5 | e3dd449989ef2174f74b640f148aabc3efa1b4988d73832c04d2053b4cd4fe81 |
|  15 | https://www.foonathan.net/2022/06/cmake-fetchcontent/                                               |     2 |         7 | 2e36927bfb37476a5c2c93f5f6ded5f4df9b6f489d84208ee6c297818376328d |
|  16 | https://www.foonathan.net/2022/05/recursive-variant-box/                                            |     2 |         9 | 5eb26564ea03b76cd642ed5f5ffc5d03449493c76cd007c905a1f04c25f77e6e |
|  17 | https://www.foonathan.net/2016/07/move-safety/                                                      |     2 |         9 | a51c483334e6251f6bb2aa9282d973f0718decfef1d01d8b14eed080c1c7fc2a |
|  18 | https://www.foonathan.net/2016/08/move-default-ctor/                                                |     2 |         9 | a8a3400357dfe80b6bee27ee63694584a7130b5247e4f1ca38d372b413995a5a |
|  19 | https://www.foonathan.net/2020/01/type-erasure/                                                     |     2 |         9 | bff29e208caf2719b4203d12e554f2642883b5ab073309f2607de860afe33c2f |
|  20 | https://www.foonathan.net/2022/03/behavior-function-type/#content                                   |     2 |         9 | 7e81130d3d341f8420d19ce96210d53c90a9444ad4e33fe2844c50a6e5944c29 |
|  21 | https://www.foonathan.net/2022/03/behavior-function-type/#more                                      |     2 |        11 | 7e81130d3d341f8420d19ce96210d53c90a9444ad4e33fe2844c50a6e5944c29 |
|  22 | https://www.foonathan.net/2022/01/compile-time-codegen/#content                                     |     2 |        11 | cd9d36806f12644bc613806e6640cfb10ab9aa09fdbd47c28a14a5f9193c37e4 |
|  23 | https://www.foonathan.net/2022/01/compile-time-codegen/#more                                        |     2 |        11 | cd9d36806f12644bc613806e6640cfb10ab9aa09fdbd47c28a14a5f9193c37e4 |
|  24 | https://www.foonathan.net/2021/11/lexy-turing/#content                                              |     2 |        11 | f8c9a07e3be1bbb4bf94802aa0aae50d6ffcb170ec9073a8ad03ce8a9eb217a5 |
|  25 | https://www.foonathan.net/2021/11/lexy-turing/#more                                                 |     2 |        11 | f8c9a07e3be1bbb4bf94802aa0aae50d6ffcb170ec9073a8ad03ce8a9eb217a5 |
|  26 | https://www.foonathan.net/2021/10/crtp-interface/#content                                           |     2 |        11 | 8d11ed6f9395ce1a454413179a9828bf39c507f4e0881c444746567ab313628b |
|  27 | https://www.foonathan.net/2021/10/crtp-interface/#more                                              |     2 |        11 | 8d11ed6f9395ce1a454413179a9828bf39c507f4e0881c444746567ab313628b |
|  28 | https://www.foonathan.net/2021/07/concepts-structural-nominal/#content                              |     2 |        11 | 4c2d4215cda090f5f37ccfdf0ae407507a0cf4a00968d69d975b8369c5519c8d |
|  29 | https://www.foonathan.net/2021/07/concepts-structural-nominal/#more                                 |     2 |        11 | 4c2d4215cda090f5f37ccfdf0ae407507a0cf4a00968d69d975b8369c5519c8d |
|  30 | https://www.foonathan.net/post/                                                                     |     2 |        11 | 17605f252683f5669f78f2d991de1fcfe5cddef955944ccda59a16bbd4926da5 |
|  31 | https://www.foonathan.net/post/page/3/                                                              |     2 |        11 | d7b47980a66e4474acae4032d1f7ccc9e531e74212e71febfb8ef9b4b22c73fe |
|  32 | https://www.foonathan.net/2016/08/standardese-02/#content                                           |     3 |        17 | 35885a08cf9c27be46a8676a196fbd90623ffabe0787d161c31a81997248243b |
|  33 | https://www.foonathan.net/2016/07/cmake-dependency-handling/#content                                |     3 |        17 | 6b4645d88ae60a31992f24e59036d8e6a1f2e7230bbb7fed3455fa4288d44f89 |
|  34 | https://www.foonathan.net/blog/2016/07/23/move-safety.html                                          |     3 |        18 | d3fb4f7ebf32034e0ad815f6e81cf0fbf3f57df51cb58579fd56c99e263a7732 |
|  35 | https://www.foonathan.net/2016/09/error-handling-strategy/#content                                  |     3 |        18 | 4cb838b7c47f524ca800eb35b306fcc79e3f187d84c22e27839f5bfb760dc3cd |
|  36 | https://www.foonathan.net/2017/12/visitors/                                                         |     3 |        19 | fc46cbc5455ba192e5a8542d156236121483df2b6d3e811bbab5aeec4f371c2d |
|  37 | https://www.foonathan.net/special-member-chart/                                                     |     3 |        19 | 14d54fb43b1ec4cc0a24b520a3f88ccf5f5bcb9e06a7a264100a1124a8750090 |
|  38 | https://www.foonathan.net/2020/03/iterator-sentinel/#content                                        |     3 |        19 | a94921a9e62243c773175edb184b5172e29779389593c1966e3ca2769ca1a3e5 |
|  39 | https://www.foonathan.net/2019/11/implementer-vs-user-names/#content                                |     3 |        19 | 3e63e1179b87010ca0bcfe26668330686455bbf079cfa92d8ccb98c7a0c67a8b |
|  40 | https://www.foonathan.net/2022/03/behavior-function-type/                                           |     3 |        20 | 7e81130d3d341f8420d19ce96210d53c90a9444ad4e33fe2844c50a6e5944c29 |
|  41 | https://www.foonathan.net/2022/01/compile-time-codegen/                                             |     3 |        22 | cd9d36806f12644bc613806e6640cfb10ab9aa09fdbd47c28a14a5f9193c37e4 |
|  42 | https://www.foonathan.net/2021/11/lexy-turing/                                                      |     3 |        24 | f8c9a07e3be1bbb4bf94802aa0aae50d6ffcb170ec9073a8ad03ce8a9eb217a5 |
|  43 | https://www.foonathan.net/2021/10/crtp-interface/                                                   |     3 |        26 | 8d11ed6f9395ce1a454413179a9828bf39c507f4e0881c444746567ab313628b |
|  44 | https://www.foonathan.net/2016/10/strong-typedefs/                                                  |     3 |        26 | 23f9fcccc795c4b47888f6ef740ef612040369b762845f31e8f9539fcd47fc02 |
|  45 | https://www.foonathan.net/2021/07/concepts-structural-nominal/                                      |     3 |        28 | 4c2d4215cda090f5f37ccfdf0ae407507a0cf4a00968d69d975b8369c5519c8d |
|  46 | https://www.foonathan.net/2020/03/iterator-sentinel/                                                |     3 |        28 | a94921a9e62243c773175edb184b5172e29779389593c1966e3ca2769ca1a3e5 |
|  47 | https://www.foonathan.net/2021/05/hugo-godbolt/#content                                             |     3 |        28 | cbb97328ec44efbefb6a50906f2df163ae46b4c81d75326feb0ed094399d693f |
|  48 | https://www.foonathan.net/2021/05/hugo-godbolt/#more                                                |     3 |        31 | cbb97328ec44efbefb6a50906f2df163ae46b4c81d75326feb0ed094399d693f |
|  49 | https://www.foonathan.net/2021/04/parse_tree/#content                                               |     3 |        31 | 30ff22ebccd9476470875d7af767664a624574e3adfabd4058084601d3f6a477 |
|  50 | https://www.foonathan.net/2021/04/parse_tree/#more                                                  |     3 |        31 | 30ff22ebccd9476470875d7af767664a624574e3adfabd4058084601d3f6a477 |
|  51 | https://www.foonathan.net/2021/03/trivially-copyable/#content                                       |     3 |        31 | 615f1c11cc126ca8ed9aac3efbfe42a05d112cf37cdd8e29dcbd51b1c6bf239e |
|  52 | https://www.foonathan.net/2021/03/trivially-copyable/#more                                          |     3 |        31 | 615f1c11cc126ca8ed9aac3efbfe42a05d112cf37cdd8e29dcbd51b1c6bf239e |
|  53 | https://www.foonathan.net/2021/02/column/#content                                                   |     3 |        31 | 22a1bb39d7eb981481b5193ed18c9c3d9cd738ed074426173be1d71a5c684094 |
|  54 | https://www.foonathan.net/2021/02/column/#more                                                      |     3 |        31 | 22a1bb39d7eb981481b5193ed18c9c3d9cd738ed074426173be1d71a5c684094 |
|  55 | https://www.foonathan.net/2020/10/tricks-default-template-argument/#content                         |     3 |        31 | 864dd417c82229b303f730aea2f905001e329724e57e2a99ad2cc46a38a9e5cf |
|  56 | https://www.foonathan.net/2020/10/tricks-default-template-argument/#more                            |     3 |        31 | 864dd417c82229b303f730aea2f905001e329724e57e2a99ad2cc46a38a9e5cf |
|  57 | https://www.foonathan.net/post/page/4/                                                              |     3 |        31 | fd7dbf5d6ab99051e3670deebb13a7d93bd82f291039374f8f5d39abf27913a2 |
|  58 | https://www.foonathan.net/2016/08/standardese-02/                                                   |     4 |        32 | 35885a08cf9c27be46a8676a196fbd90623ffabe0787d161c31a81997248243b |
|  59 | https://www.foonathan.net/blog/2016/06/09/standardese-01.html                                       |     4 |        32 | b399e09dc81868050455f461d080abfc208d53bfcf45d06ec5391455496af9a7 |
|  60 | https://www.foonathan.net/blog/2016/07/07/cmake-dependency-handling.html                            |     4 |        32 | dcede1357e5e5e044687935ceb99d58813ef2c73d4fdcc342cff1c68e8eb7760 |
|  61 | https://www.foonathan.net/2016/08/move-default-ctor/#content                                        |     4 |        32 | a8a3400357dfe80b6bee27ee63694584a7130b5247e4f1ca38d372b413995a5a |
|  62 | https://www.foonathan.net/2016/07/move-safety/#content                                              |     4 |        32 | a51c483334e6251f6bb2aa9282d973f0718decfef1d01d8b14eed080c1c7fc2a |
|  63 | https://www.foonathan.net/2016/07/cmake-dependency-handling/                                        |     4 |        33 | 6b4645d88ae60a31992f24e59036d8e6a1f2e7230bbb7fed3455fa4288d44f89 |
|  64 | https://www.foonathan.net/blog/2016/03/03/cmake-install.html                                        |     4 |        33 | 632e412ff551f8dfbcf6b9a928cd102ac8a3661e4f1bbe1bfa3538f2a4c9287c |
|  65 | https://www.foonathan.net/2016/06/flexible-error-handling/#content                                  |     4 |        33 | df5dec6ad6a847007234c163990fe37efb5530401ee5b3fccda6c46623f124bf |
|  66 | https://www.foonathan.net/2016/09/error-handling-strategy/                                          |     4 |        35 | 4cb838b7c47f524ca800eb35b306fcc79e3f187d84c22e27839f5bfb760dc3cd |
|  67 | https://www.foonathan.net/2016/06/flexible-error-handling/                                          |     4 |        35 | df5dec6ad6a847007234c163990fe37efb5530401ee5b3fccda6c46623f124bf |
|  68 | https://www.foonathan.net/2016/09/assertions/                                                       |     4 |        35 | deab23e5ac35baeac83b989cb1287801076a0ad30b699e0a8ad43bc099db0102 |
|  69 | https://www.foonathan.net/2016/09/error-handling-types/                                             |     4 |        35 | b1738599a89a26eac2f877c1858a749dd032b32171ddcbb66cb4b034d83b1964 |
|  70 | https://www.foonathan.net/blog/2016/06/27/flexible-error-handling.html                              |     4 |        35 | 3a8daa2c567901dacfb4499cc65d94da599a477bfa4df5a47e62dd86a60dece0 |
|  71 | https://www.foonathan.net/blog/2016/06/27/flexible-error-handling.html#solution-i-exception-handler |     4 |        35 | 3a8daa2c567901dacfb4499cc65d94da599a477bfa4df5a47e62dd86a60dece0 |
|  72 | https://www.foonathan.net/2016/09/cpp14-concepts/#content                                           |     4 |        35 | a2ad08d5fd595fe318a404f084d2e75adb1373baa499d05758c35b21b00a8ee7 |
|  73 | https://www.foonathan.net/blog/2016/10/19/strong-typedefs.html                                      |     4 |        36 | 8a1cde4fbba37894870c42f728e23ebc14ffe4e12a2cb17f26d6fde5b0ba6a23 |
|  74 | https://www.foonathan.net/2018/01/constructors-casts-design/#content                                |     4 |        36 | 1e004c66f5641157b240496cfcf80df89f198e2298753cfb064ad45ecd4a0ea0 |
|  75 | https://www.foonathan.net/2017/12/exceptions-vs-expected/#content                                   |     4 |        36 | b4059268c672f1ac21e863782636e7ec4091b3289ccd527a29392736fa1ecc00 |
|  76 | https://www.foonathan.net/2019/02/special-member-functions/                                         |     4 |        37 | 8099478b200bbe25ffbf4075cb838dc1486f9a4220c95c26055e6860bcdade9b |
|  77 | https://www.foonathan.net/2020/05/fold-tricks/#content                                              |     4 |        38 | 38d1eb3a206520ab9083668f8964639618bc9e9905b344f9b6f4c807aa56497d |
|  78 | https://www.foonathan.net/2020/01/type-erasure/#content                                             |     4 |        38 | bff29e208caf2719b4203d12e554f2642883b5ab073309f2607de860afe33c2f |
|  79 | https://www.foonathan.net/2019/11/implementer-vs-user-names/                                        |     4 |        39 | 3e63e1179b87010ca0bcfe26668330686455bbf079cfa92d8ccb98c7a0c67a8b |
|  80 | https://www.foonathan.net/2019/11/standardese-post-mortem/#content                                  |     4 |        39 | 139fc72f7acc7fd45019eb1cc924f5f7ef23351793ba50a05af1efc80f1cc3e6 |
|  81 | https://www.foonathan.net/blog/2016/10/11/type-safe.html                                            |     4 |        44 | 48b8414b78d4b03f0f32da054ed36374dbad29659ca205ad49489425ba186f6d |
|  82 | https://www.foonathan.net/blog/2016/09/27/error-handling-types.html                                 |     4 |        44 | 52e41644173333ad93bc085cb3fe5e92de4dfb7844d9029cb781e5d2ceebbb96 |
|  83 | https://www.foonathan.net/2016/10/output-parameter/#content                                         |     4 |        44 | c32af0ca8f91df8ede9fbb56779f0b48219e24abd35cea21456b7918f4e73298 |
|  84 | https://www.foonathan.net/2016/10/type-safe/#content                                                |     4 |        44 | b77d8ce517ae5a398e8ccdc7550011ef048e77d14cc4d86b1ccf57d9a854fcf0 |
|  85 | https://www.foonathan.net/2021/05/hugo-godbolt/                                                     |     4 |        47 | cbb97328ec44efbefb6a50906f2df163ae46b4c81d75326feb0ed094399d693f |
|  86 | https://www.foonathan.net/2021/04/parse_tree/                                                       |     4 |        49 | 30ff22ebccd9476470875d7af767664a624574e3adfabd4058084601d3f6a477 |
|  87 | https://www.foonathan.net/2021/03/trivially-copyable/                                               |     4 |        51 | 615f1c11cc126ca8ed9aac3efbfe42a05d112cf37cdd8e29dcbd51b1c6bf239e |
|  88 | https://www.foonathan.net/2021/02/column/                                                           |     4 |        53 | 22a1bb39d7eb981481b5193ed18c9c3d9cd738ed074426173be1d71a5c684094 |
|  89 | https://www.foonathan.net/2020/10/tricks-default-template-argument/                                 |     4 |        55 | 864dd417c82229b303f730aea2f905001e329724e57e2a99ad2cc46a38a9e5cf |
|  90 | https://www.foonathan.net/2020/10/constexpr-platform/#content                                       |     4 |        55 | 5071ff8263f0b71c1d3b673707816ceb67457d7852e845724cb04b6d977657f8 |
|  91 | https://www.foonathan.net/2020/10/constexpr-platform/#more                                          |     4 |        57 | 5071ff8263f0b71c1d3b673707816ceb67457d7852e845724cb04b6d977657f8 |
|  92 | https://www.foonathan.net/2020/10/iife-metaprogramming/#content                                     |     4 |        57 | 68b1445d57683b99bcdea0afc8cf0db4913770de33000511c317d9220c45e9e1 |
|  93 | https://www.foonathan.net/2020/10/iife-metaprogramming/#more                                        |     4 |        57 | 68b1445d57683b99bcdea0afc8cf0db4913770de33000511c317d9220c45e9e1 |
|  94 | https://www.foonathan.net/2020/09/move-forward/#content                                             |     4 |        57 | 01afcfcd6be0e3be4cd7427f3a9b000fe5622f1baf1a4178a6d9fa3eed97fcc5 |
|  95 | https://www.foonathan.net/2020/09/move-forward/#more                                                |     4 |        57 | 01afcfcd6be0e3be4cd7427f3a9b000fe5622f1baf1a4178a6d9fa3eed97fcc5 |
|  96 | https://www.foonathan.net/2020/05/fold-tricks/#more                                                 |     4 |        57 | 38d1eb3a206520ab9083668f8964639618bc9e9905b344f9b6f4c807aa56497d |
|  97 | https://www.foonathan.net/2020/03/iterator-sentinel/#more                                           |     4 |        57 | a94921a9e62243c773175edb184b5172e29779389593c1966e3ca2769ca1a3e5 |
|  98 | https://www.foonathan.net/post/page/5/                                                              |     4 |        57 | 68bdfd885d2010686d6fd64cabf1ba65ce634a0b5255af7093335e313d15a867 |
|  99 | https://www.foonathan.net/blog/2017/12/04/exceptions-vs-expected.html                               |     5 |        65 | 3d891f4de1f1d29f58276f3b0284314674e6c574f400898d0976abc9a4c54e4b |
| 100 | https://www.foonathan.net/2016/06/standardese-01/#content                                           |     5 |        65 | 0faf16295166dae4afebb3a90c08468aa9e452d9539db58337430d97848ef5de |
| 101 | https://www.foonathan.net/blog/2016/09/07/error-handling-strategy.html                              |     5 |        68 | c6b8ba3bad22278951c174a8595d8fa5098e3355d998a095ec0d4ef2a62f9cb5 |
| 102 | https://www.foonathan.net/blog/2016/04/13/boosting-pools-3.html                                     |     5 |        68 | 0959dbbaba10f441aee8b1c42a3db5cf7b612d4b8ac97ddd35da7072a5e331d3 |
| 103 | https://www.foonathan.net/blog/2015/11/16/overload-resolution-3.html                                |     5 |        68 | fec65ecd37b89d75093b029c4a35dda19f8ad33c5460284815e0fc674c9d50d7 |
| 104 | https://www.foonathan.net/blog/2015/11/30/overload-resolution-4.html                                |     5 |        68 | c852b6ac726771c7d53099f09485463d301a91d4a1a33d2fd640c53a5f8539ce |
| 105 | https://www.foonathan.net/2016/09/error-handling-types/#content                                     |     5 |        68 | b1738599a89a26eac2f877c1858a749dd032b32171ddcbb66cb4b034d83b1964 |
| 106 | https://www.foonathan.net/blog/2016/09/16/assertions.html                                           |     5 |        69 | 626c6725d5e7df67e41c36cc8f069f890efd7baa0ed3af64bb545bdc87e4985e |
| 107 | https://www.foonathan.net/2016/09/assertions/#content                                               |     5 |        69 | deab23e5ac35baeac83b989cb1287801076a0ad30b699e0a8ad43bc099db0102 |
| 108 | https://www.foonathan.net/2016/09/cpp14-concepts/                                                   |     5 |        72 | a2ad08d5fd595fe318a404f084d2e75adb1373baa499d05758c35b21b00a8ee7 |
| 109 | https://www.foonathan.net/blog/2015/11/02/overload-resolution-2.html                                |     5 |        72 | 4a1ac2e23e21878c335b4981928981037f2955249d74ada084d4937595e471aa |
| 110 | https://www.foonathan.net/2018/01/constructors-casts-design/                                        |     5 |        74 | 1e004c66f5641157b240496cfcf80df89f198e2298753cfb064ad45ecd4a0ea0 |
| 111 | https://www.foonathan.net/blog/2017/10/11/explicit-assignment.html                                  |     5 |        74 | 17e56871cdfa1177850a40e16e31ad3813a9c641432ea129bf1bbb985d436e1f |
| 112 | https://www.foonathan.net/meetingcpp2017.html                                                       |     5 |        74 | d0c70991f1d30ebe92c3f8510f43ccf553c02772f8952ba931c5abeb0ae92b6a |
| 113 | https://www.foonathan.net/2018/03/issue-management-trello-ifttt/#content                            |     5 |        74 | ba4efa74422d9d3103e5150b1aa08e8d9abb2002776eb872b15938b092036158 |
| 114 | https://www.foonathan.net/2017/12/visitors/#content                                                 |     5 |        74 | fc46cbc5455ba192e5a8542d156236121483df2b6d3e811bbab5aeec4f371c2d |
| 115 | https://www.foonathan.net/2017/12/exceptions-vs-expected/                                           |     5 |        75 | b4059268c672f1ac21e863782636e7ec4091b3289ccd527a29392736fa1ecc00 |
| 116 | https://www.foonathan.net/blog/2017/01/09/exceptions-constructor.html                               |     5 |        75 | 9b501f3d3d6344269058783156ec0a4ead366cd885c9f0da1c3df53ec48b2a30 |
| 117 | https://www.foonathan.net/2017/11/standard-library/#content                                         |     5 |        75 | f0a11cbf6165e5ce0d6d20e69cc268c13be5266463feec8e7121b38f68ef555b |
| 118 | https://www.foonathan.net/blog/2016/08/24/move-default-ctor.html                                    |     5 |        76 | 7f960066a2af718e40ae9558781ed03fbb58966cd95dbffb84fd8430965c4666 |
| 119 | https://www.foonathan.net/special-member-chart                                                      |     5 |        76 | 14d54fb43b1ec4cc0a24b520a3f88ccf5f5bcb9e06a7a264100a1124a8750090 |
| 120 | https://www.foonathan.net/2018/12/nested-optionals-expected/#content                                |     5 |        76 | 5d34c7cabb89c68406edbfb5a5df143507c32d6ba688dc86fff9692416d6730b |
| 121 | https://www.foonathan.net/2020/05/fold-tricks/                                                      |     5 |        77 | 38d1eb3a206520ab9083668f8964639618bc9e9905b344f9b6f4c807aa56497d |
| 122 | https://www.foonathan.net/2019/11/standardese-post-mortem/                                          |     5 |        80 | 139fc72f7acc7fd45019eb1cc924f5f7ef23351793ba50a05af1efc80f1cc3e6 |
| 123 | https://www.foonathan.net/2015/11/overload-resolution-4/                                            |     5 |        80 | 1cb8608c08c23e55d91480de0ea759f99ee35e578f01c6fdaf24d421e01fd338 |
| 124 | https://www.foonathan.net/2016/05/standardese-nextgen-doxygen/                                      |     5 |        80 | 8d33598662d133324372f08cb5940fb71a7cc1c2071f7924ab3b013f072f895e |
| 125 | https://www.foonathan.net/2019/02/special-member-functions/#content                                 |     5 |        80 | 8099478b200bbe25ffbf4075cb838dc1486f9a4220c95c26055e6860bcdade9b |
| 126 | https://www.foonathan.net/2016/10/output-parameter/                                                 |     5 |        83 | c32af0ca8f91df8ede9fbb56779f0b48219e24abd35cea21456b7918f4e73298 |
| 127 | https://www.foonathan.net/blog/2016/10/11/type-safe.html#tsoptionalt-and-tsoptionalreft             |     5 |        83 | 48b8414b78d4b03f0f32da054ed36374dbad29659ca205ad49489425ba186f6d |
| 128 | https://www.foonathan.net/2016/11/template-argument-deduction/#content                              |     5 |        83 | 5a405cd0a369cbc0e7b645889945bce94c0cca3e22a560e26c96c1d8a5309a01 |
| 129 | https://www.foonathan.net/2016/10/strong-typedefs/#content                                          |     5 |        83 | 23f9fcccc795c4b47888f6ef740ef612040369b762845f31e8f9539fcd47fc02 |
| 130 | https://www.foonathan.net/2016/10/type-safe/                                                        |     5 |        84 | b77d8ce517ae5a398e8ccdc7550011ef048e77d14cc4d86b1ccf57d9a854fcf0 |
| 131 | https://www.foonathan.net/blog/2016/01/26/namespace-alias.html                                      |     5 |        84 | 52cbb6d040db6869745c8ca048f2bb06fecbb9bc3481ce234fefe0c2d0d4300a |
| 132 | https://www.foonathan.net/2020/10/constexpr-platform/                                               |     5 |        90 | 5071ff8263f0b71c1d3b673707816ceb67457d7852e845724cb04b6d977657f8 |
| 133 | https://www.foonathan.net/2020/10/iife-metaprogramming/                                             |     5 |        92 | 68b1445d57683b99bcdea0afc8cf0db4913770de33000511c317d9220c45e9e1 |
| 134 | https://www.foonathan.net/2020/09/move-forward/                                                     |     5 |        94 | 01afcfcd6be0e3be4cd7427f3a9b000fe5622f1baf1a4178a6d9fa3eed97fcc5 |
| 135 | https://www.foonathan.net/2020/01/type-erasure/#more                                                |     5 |        98 | bff29e208caf2719b4203d12e554f2642883b5ab073309f2607de860afe33c2f |
| 136 | https://www.foonathan.net/2019/11/implementer-vs-user-names/#more                                   |     5 |        98 | 3e63e1179b87010ca0bcfe26668330686455bbf079cfa92d8ccb98c7a0c67a8b |
| 137 | https://www.foonathan.net/2019/11/standardese-post-mortem/#more                                     |     5 |        98 | 139fc72f7acc7fd45019eb1cc924f5f7ef23351793ba50a05af1efc80f1cc3e6 |
| 138 | https://www.foonathan.net/2019/02/special-member-functions/#more                                    |     5 |        98 | 8099478b200bbe25ffbf4075cb838dc1486f9a4220c95c26055e6860bcdade9b |
| 139 | https://www.foonathan.net/2018/12/nested-optionals-expected/#more                                   |     5 |        98 | 5d34c7cabb89c68406edbfb5a5df143507c32d6ba688dc86fff9692416d6730b |
| 140 | https://www.foonathan.net/post/page/6/                                                              |     5 |        98 | 64dc475366f5db5bf1f5aacd8d3f0c98639f8b3c526552be44d25f8ef17f6a94 |
| 141 | https://www.foonathan.net/2016/06/standardese-01/                                                   |     6 |       100 | 0faf16295166dae4afebb3a90c08468aa9e452d9539db58337430d97848ef5de |
| 142 | https://www.foonathan.net/2016/05/final2/#content                                                   |     6 |       100 | b139ef994b7cd25027a796fb4b2bcb03baaf061df26453e4b835dca017a722f4 |
| 143 | https://www.foonathan.net/2018/03/issue-management-trello-ifttt/                                    |     6 |       113 | ba4efa74422d9d3103e5150b1aa08e8d9abb2002776eb872b15938b092036158 |
| 144 | https://www.foonathan.net/2018/03/rvalue-references-api-guidelines/#content                         |     6 |       113 | c88314260e56a9a5e87744136862a18745e128cef196a18e73b504e9796d8927 |
| 145 | https://www.foonathan.net/2017/11/standard-library/                                                 |     6 |       117 | f0a11cbf6165e5ce0d6d20e69cc268c13be5266463feec8e7121b38f68ef555b |
| 146 | https://www.foonathan.net/2017/10/explicit-assignment/#content                                      |     6 |       117 | e58dd86609da7042e0c2d85934d4adb19495a342c15076fb003582bcb8ba3367 |
| 147 | https://www.foonathan.net/2018/12/nested-optionals-expected/                                        |     6 |       120 | 5d34c7cabb89c68406edbfb5a5df143507c32d6ba688dc86fff9692416d6730b |
| 148 | https://www.foonathan.net/2018/11/inline-namespaces/#content                                        |     6 |       120 | 3e10d902df3bb682ee3cb3ae242b5dc217f01962263d37a97d8bf8ad82799d84 |
| 149 | https://www.foonathan.net/2015/10/overload-resolution-1/                                            |     6 |       123 | 01ae002781a1b3c270e37e00e478d780fbc59cdcfb94b7f90abcfda0792df51d |
| 150 | https://www.foonathan.net/2015/11/overload-resolution-2/                                            |     6 |       123 | e11bb1b21801d689a0a73eb50f29f895564f3c7953b86e9a208a6a608ed499c5 |
| 151 | https://www.foonathan.net/2015/11/overload-resolution-3/                                            |     6 |       123 | 1ec8c39f3d9c4476eef19793621cc383050d0ecf661d91b6e9396d8032e12820 |
| 152 | https://www.foonathan.net/2015/12/implementation-challenge-1/#content                               |     6 |       123 | f670f3bca908ee0d0568bce10beb9980871d10c8dc0ba951bfd7048ed34deb64 |
| 153 | https://www.foonathan.net/2015/11/overload-resolution-3/#content                                    |     6 |       123 | 1ec8c39f3d9c4476eef19793621cc383050d0ecf661d91b6e9396d8032e12820 |
| 154 | https://www.foonathan.net/2016/05/issue-driven-development/#content                                 |     6 |       124 | 63a307fad500653e2663bde7f99f679e93ee66722e844c700ad5bb61466d21cc |
| 155 | https://www.foonathan.net/2016/04/boosting-pools-4/#content                                         |     6 |       124 | 43a560cce11b9ebfc85875d1c8c538fd5989cb31350e141c5131695705ef5d26 |
| 156 | https://www.foonathan.net/2016/11/template-argument-deduction/                                      |     6 |       128 | 5a405cd0a369cbc0e7b645889945bce94c0cca3e22a560e26c96c1d8a5309a01 |
| 157 | https://www.foonathan.net/2016/11/memory-0.6/#content                                               |     6 |       128 | fcc5edbe32e97fdff11b2c0825049a8c187012abf0597a6fa4a5b71489b3ba27 |
| 158 | https://www.foonathan.net/2018/11/inline-namespaces/#more                                           |     6 |       140 | 3e10d902df3bb682ee3cb3ae242b5dc217f01962263d37a97d8bf8ad82799d84 |
| 159 | https://www.foonathan.net/2018/10/cmake-warnings/#content                                           |     6 |       140 | 3fbdab28ca8eec9288bd0b33f8e34a1e7ac8016d67c5594b39b94f5400c7ad8b |
| 160 | https://www.foonathan.net/2018/10/cmake-warnings/#more                                              |     6 |       140 | 3fbdab28ca8eec9288bd0b33f8e34a1e7ac8016d67c5594b39b94f5400c7ad8b |
| 161 | https://www.foonathan.net/2018/10/spaceship-proposals/#content                                      |     6 |       140 | e96d5fb7b2e2fdf41937f6f6433bf19b097fb36d8a1b137672087afd32ba5e07 |
| 162 | https://www.foonathan.net/blog/2018/06/20/equivalence-relations.html                                |     6 |       140 | a19c48a756b073b2cfc4fa6628453e1a8617f7396fc1382f8f998b88b1fbbdc4 |
| 163 | https://www.foonathan.net/2018/10/spaceship-proposals/#more                                         |     6 |       140 | e96d5fb7b2e2fdf41937f6f6433bf19b097fb36d8a1b137672087afd32ba5e07 |
| 164 | https://www.foonathan.net/2018/09/three-way-comparison/#content                                     |     6 |       140 | 7d9a34ff2fa2ebdaed2b9a4b6a1d83ee1941982d0b0f1612190467226c18cf21 |
| 165 | https://www.foonathan.net/2018/09/three-way-comparison/#more                                        |     6 |       140 | 7d9a34ff2fa2ebdaed2b9a4b6a1d83ee1941982d0b0f1612190467226c18cf21 |
| 166 | https://www.foonathan.net/post/page/7/                                                              |     6 |       140 | c3d92316f4fce82905404715349f120539c4174fb45b79846900d4d273c4db50 |
| 167 | https://www.foonathan.net/2016/05/final2/                                                           |     7 |       142 | b139ef994b7cd25027a796fb4b2bcb03baaf061df26453e4b835dca017a722f4 |
| 168 | https://www.foonathan.net/2016/05/final/                                                            |     7 |       142 | e069fa7c5eae1ea4072d65e1256d0b6fc7b0b6ecbfd336805807de35c2ed2388 |
| 169 | https://www.foonathan.net/blog/2016/03/29/boosting-pools-2.html                                     |     7 |       142 | 00fb7a260a6dbb30677ad715a41ead90a2f6643d28bfda941428d73b7a53c4fc |
| 170 | https://www.foonathan.net/blog/2016/05/27/final.html                                                |     7 |       142 | 973a77574e455f1394fe262b899e07d5981de0715c024b7cbc0f9bec5584ddd0 |
| 171 | https://www.foonathan.net/2016/05/final/#content                                                    |     7 |       142 | e069fa7c5eae1ea4072d65e1256d0b6fc7b0b6ecbfd336805807de35c2ed2388 |
| 172 | https://www.foonathan.net/2018/03/rvalue-references-api-guidelines/                                 |     7 |       144 | c88314260e56a9a5e87744136862a18745e128cef196a18e73b504e9796d8927 |
| 173 | https://www.foonathan.net/blog/2017/09/14/destructive-move.html                                     |     7 |       144 | 95fd62ae114227bc14d973ab029d72fe48bcfe14af41cd889b71c49e88266443 |
| 174 | https://www.foonathan.net/blog/2017/03/22/string_view-temporary.html                                |     7 |       144 | 72e5d86396a2c1d9f1c1703ccf3bef9231f2579cb16f567154e93160c1ef7cea |
| 175 | https://www.foonathan.net/blog/2015/10/16/overload-resolution-1.html                                |     7 |       144 | 59392518b6ac0f10643849948692464971a69648668ca542939d05823c7579eb |
| 176 | https://www.foonathan.net/2018/04/optional-in-container/#content                                    |     7 |       144 | d2f9d49d94d2af1d8c0b99974d947915d8246a2f1ea2d7e882f905803a26b1ec |
| 177 | https://www.foonathan.net/2017/10/explicit-assignment/                                              |     7 |       146 | e58dd86609da7042e0c2d85934d4adb19495a342c15076fb003582bcb8ba3367 |
| 178 | https://www.foonathan.net/2017/09/destructive-move/#content                                         |     7 |       146 | 3f9bf352282fd54857d902c3506660960b89ded9a9b53916096b98578333667e |
| 179 | https://www.foonathan.net/2018/11/inline-namespaces/                                                |     7 |       148 | 3e10d902df3bb682ee3cb3ae242b5dc217f01962263d37a97d8bf8ad82799d84 |
| 180 | https://www.foonathan.net/2015/11/overload-resolution-2/#content                                    |     7 |       149 | e11bb1b21801d689a0a73eb50f29f895564f3c7953b86e9a208a6a608ed499c5 |
| 181 | https://www.foonathan.net/2015/10/allocatorawarecontainer-propagation-pitfalls/#content             |     7 |       149 | 667195ae31eadaddb99581b20baaf9067e0a33f130ff54fbec94d5f9148dd3e7 |
| 182 | https://www.foonathan.net/2015/10/overload-resolution-1/#content                                    |     7 |       150 | 01ae002781a1b3c270e37e00e478d780fbc59cdcfb94b7f90abcfda0792df51d |
| 183 | https://www.foonathan.net/2015/11/overload-resolution-4/#content                                    |     7 |       151 | 1cb8608c08c23e55d91480de0ea759f99ee35e578f01c6fdaf24d421e01fd338 |
| 184 | https://www.foonathan.net/2015/12/implementation-challenge-1/                                       |     7 |       152 | f670f3bca908ee0d0568bce10beb9980871d10c8dc0ba951bfd7048ed34deb64 |
| 185 | https://www.foonathan.net/2016/01/namespace-alias/#content                                          |     7 |       152 | 4564fee9ad6e3bb0617b7e6007659e711054480ee05a83d774503bd8a53ea4d2 |
| 186 | https://www.foonathan.net/2016/05/issue-driven-development/                                         |     7 |       154 | 63a307fad500653e2663bde7f99f679e93ee66722e844c700ad5bb61466d21cc |
| 187 | https://www.foonathan.net/2016/05/standardese-nextgen-doxygen/#content                              |     7 |       154 | 8d33598662d133324372f08cb5940fb71a7cc1c2071f7924ab3b013f072f895e |
| 188 | https://www.foonathan.net/2016/04/boosting-pools-4/                                                 |     7 |       155 | 43a560cce11b9ebfc85875d1c8c538fd5989cb31350e141c5131695705ef5d26 |
| 189 | https://www.foonathan.net/2016/03/boosting-pools-1/                                                 |     7 |       155 | 35baeaa7b9bf0a666dc5b6a31806e216afcf1dfe9bcea8d3e5e4588deb26bae8 |
| 190 | https://www.foonathan.net/2016/03/boosting-pools-2/                                                 |     7 |       155 | 9b91dd8a83316e2e434a93dff9fd1735f297e3f34b1d395510fc1107587ba734 |
| 191 | https://www.foonathan.net/2016/04/boosting-pools-3/                                                 |     7 |       155 | 4df4f511b84f627c5be80335f3259369e2d0d2a151f1334581c09dd20988ca7a |
| 192 | https://www.foonathan.net/blog/2016/03/18/boosting-pools-1.html                                     |     7 |       155 | 94dcc9d82bc61f7cfbb9b74440e5b125b2cb5eaa25b85bc448119e3792487d72 |
| 193 | https://www.foonathan.net/2016/04/boosting-pools-3/#content                                         |     7 |       155 | 4df4f511b84f627c5be80335f3259369e2d0d2a151f1334581c09dd20988ca7a |
| 194 | https://www.foonathan.net/2016/11/memory-0.6/                                                       |     7 |       157 | fcc5edbe32e97fdff11b2c0825049a8c187012abf0597a6fa4a5b71489b3ba27 |
| 195 | https://www.foonathan.net/blog/2016/02/23/memory-0.5.html                                           |     7 |       157 | 94e36787a90ca481e0753993a20804fc4ec14b705840180d3a295d490982f54c |
| 196 | https://www.foonathan.net/meetingcpp2016.html                                                       |     7 |       157 | 83bd1cab165f3b15a0e68c72bfdb2c0563e8bdf1c1ba741b6f15d4233e6afd03 |
| 197 | https://www.foonathan.net/blog/2015/10/05/allocatorawarecontainer-propagation-pitfalls.html         |     7 |       157 | 549dcfb8577f9bebee254b839c6b64c304402473ea8bb13ff558a2544551e6dd |
| 198 | https://www.foonathan.net/blog/2016/04/04/allocator-proposals.html                                  |     7 |       157 | 18f972af2e2ec195c1c07d32131b958897842a957261d7c86e454188a22463ed |
| 199 | https://www.foonathan.net/2016/11/standardese-0.3/#content                                          |     7 |       157 | d6b9395e38e970ea725d3a31a85380b9939b10264964a1537e0e15bbdb5c11d4 |
| 200 | https://www.foonathan.net/2018/10/cmake-warnings/                                                   |     7 |       159 | 3fbdab28ca8eec9288bd0b33f8e34a1e7ac8016d67c5594b39b94f5400c7ad8b |
| 201 | https://www.foonathan.net/2018/10/spaceship-proposals/                                              |     7 |       161 | e96d5fb7b2e2fdf41937f6f6433bf19b097fb36d8a1b137672087afd32ba5e07 |
| 202 | https://www.foonathan.net/2018/09/three-way-comparison/                                             |     7 |       164 | 7d9a34ff2fa2ebdaed2b9a4b6a1d83ee1941982d0b0f1612190467226c18cf21 |
| 203 | https://www.foonathan.net/2018/06/equivalence-relations/                                            |     7 |       164 | 89160c88b4c0dbe6a8dc43880cd16c85ef1ceaa65ed5bb6679cf5d4cb592432e |
| 204 | https://www.foonathan.net/blog/2015/12/15/implementation-challenge-1.html                           |     7 |       164 | 4fb4e8da409a429e9e306e6b9837c9b2f07526308148a3d50f7361daa0642c1e |
| 205 | https://www.foonathan.net/2018/07/optional-reference/#content                                       |     7 |       166 | 532a2de7120bd695ded0e887b74fe486c0f02c8ab994c4f8ba16540d4d95d152 |
| 206 | https://www.foonathan.net/2018/07/optional-reference/#more                                          |     7 |       166 | 532a2de7120bd695ded0e887b74fe486c0f02c8ab994c4f8ba16540d4d95d152 |
| 207 | https://www.foonathan.net/2018/06/equivalence-relations/#content                                    |     7 |       166 | 89160c88b4c0dbe6a8dc43880cd16c85ef1ceaa65ed5bb6679cf5d4cb592432e |
| 208 | https://www.foonathan.net/2018/06/equivalence-relations/#more                                       |     7 |       166 | 89160c88b4c0dbe6a8dc43880cd16c85ef1ceaa65ed5bb6679cf5d4cb592432e |
| 209 | https://www.foonathan.net/2018/06/pointer-taxonomy/#content                                         |     7 |       166 | ca8cc74e79b4731e40337969e62f7ab5cc924f705998beca384b4060bcb2cfb9 |
| 210 | https://www.foonathan.net/2018/06/pointer-taxonomy/#more                                            |     7 |       166 | ca8cc74e79b4731e40337969e62f7ab5cc924f705998beca384b4060bcb2cfb9 |
| 211 | https://www.foonathan.net/post/page/8/                                                              |     7 |       166 | 0595d9c07a99c2e4b1b6ed2b6367784bd813e315e5677e4116e291bd72507c70 |
| 212 | https://www.foonathan.net/2018/04/optional-in-container/                                            |     8 |       176 | d2f9d49d94d2af1d8c0b99974d947915d8246a2f1ea2d7e882f905803a26b1ec |
| 213 | https://www.foonathan.net/blog/2018/04/17/optional-container-followup.html                          |     8 |       176 | d284b28ff00f84f083d088687e063444242a336dd201962624a37e04eb3ab1a2 |
| 214 | https://www.foonathan.net/2018/04/optional-container-followup/#content                              |     8 |       176 | ac1ad3d94c63ad0c2a892ade9c56f3399cb86f9cd8f6e4fafc909d3ca9e194cd |
| 215 | https://www.foonathan.net/2017/09/destructive-move/                                                 |     8 |       178 | 3f9bf352282fd54857d902c3506660960b89ded9a9b53916096b98578333667e |
| 216 | https://www.foonathan.net/cppnow2017.html                                                           |     8 |       178 | be6ad33c4c90a09b21ec7ff4f1e32f8844c8e44a28b8f3b2534072b630e1f509 |
| 217 | https://www.foonathan.net/2017/07/operator-precedence/#content                                      |     8 |       178 | 3dd24ea1ef1cbe879e88de1b145fe3aa768f05ffa248c38575bcd2f747aaff8e |
| 218 | https://www.foonathan.net/2015/10/allocatorawarecontainer-propagation-pitfalls/                     |     8 |       181 | 667195ae31eadaddb99581b20baaf9067e0a33f130ff54fbec94d5f9148dd3e7 |
| 219 | https://www.foonathan.net/2015/09/memory-0.4/#content                                               |     8 |       181 | dd739a9a81ce9b7d744dbb8d99918d358632b749edcedb18373e846eb4138512 |
| 220 | https://www.foonathan.net/2016/01/namespace-alias/                                                  |     8 |       185 | 4564fee9ad6e3bb0617b7e6007659e711054480ee05a83d774503bd8a53ea4d2 |
| 221 | https://www.foonathan.net/2016/02/implementation-challenge-2/#content                               |     8 |       185 | d74f52286ac27ba259043b1e8d8388c4330fe2236aa1af6720abe1d27f617445 |
| 222 | https://www.foonathan.net/2016/03/boosting-pools-2/#content                                         |     8 |       189 | 9b91dd8a83316e2e434a93dff9fd1735f297e3f34b1d395510fc1107587ba734 |
| 223 | https://www.foonathan.net/2016/03/computational-concepts/#content                                   |     8 |       189 | 18441a21f5ec64c6d8e43fee4eac2f4bb224509ed44c7e9947644dfb779d9044 |
| 224 | https://www.foonathan.net/2016/04/allocator-proposals/#content                                      |     8 |       190 | 405688f5ac506e6854da6c07a74dbbc3f0371745e5287e32bfcf3144a9f88488 |
| 225 | https://www.foonathan.net/2016/03/boosting-pools-1/#content                                         |     8 |       190 | 35baeaa7b9bf0a666dc5b6a31806e216afcf1dfe9bcea8d3e5e4588deb26bae8 |
| 226 | https://www.foonathan.net/blog/2016/02/11/implementation-challenge-2.html                           |     8 |       191 | aef547c0d84e2bc04e1505226293eb6a53e3a6e994d83b636e62c48f07b43ba7 |
| 227 | https://www.foonathan.net/2016/11/standardese-0.3/                                                  |     8 |       199 | d6b9395e38e970ea725d3a31a85380b9939b10264964a1537e0e15bbdb5c11d4 |
| 228 | https://www.foonathan.net/2016/12/fixing-initializer-list/#content                                  |     8 |       199 | c2a917705d118a3c2f8e5070b83ad221790bc783d109a9bb9d3a75598b1e8dc5 |
| 229 | https://www.foonathan.net/2018/07/optional-reference/                                               |     8 |       205 | 532a2de7120bd695ded0e887b74fe486c0f02c8ab994c4f8ba16540d4d95d152 |
| 230 | https://www.foonathan.net/2018/06/pointer-taxonomy/                                                 |     8 |       209 | ca8cc74e79b4731e40337969e62f7ab5cc924f705998beca384b4060bcb2cfb9 |
| 231 | https://www.foonathan.net/cppnow2018.html                                                           |     8 |       209 | 148177f915cca684fac2b14b38c4a03beaa4b4db8eacf6f2ef50f6b5aa1d2587 |
| 232 | https://www.foonathan.net/blog/2018/04/09/optional-in-container.html                                |     8 |       211 | a957279164702179557e29aaa3fa556b88bf315b7b3f38514672535a311c0b52 |
| 233 | https://www.foonathan.net/2018/04/optional-container-followup/#more                                 |     8 |       211 | ac1ad3d94c63ad0c2a892ade9c56f3399cb86f9cd8f6e4fafc909d3ca9e194cd |
| 234 | https://www.foonathan.net/2018/04/optional-in-container/#more                                       |     8 |       211 | d2f9d49d94d2af1d8c0b99974d947915d8246a2f1ea2d7e882f905803a26b1ec |
| 235 | https://www.foonathan.net/2018/03/rvalue-references-api-guidelines/#more                            |     8 |       211 | c88314260e56a9a5e87744136862a18745e128cef196a18e73b504e9796d8927 |
| 236 | https://www.foonathan.net/2018/03/issue-management-trello-ifttt/#more                               |     8 |       211 | ba4efa74422d9d3103e5150b1aa08e8d9abb2002776eb872b15938b092036158 |
| 237 | https://www.foonathan.net/2018/01/constructors-casts-design/#more                                   |     8 |       211 | 1e004c66f5641157b240496cfcf80df89f198e2298753cfb064ad45ecd4a0ea0 |
| 238 | https://www.foonathan.net/post/page/9/                                                              |     8 |       211 | ac3a01436a9615adf256bc6c7169ad1d1cf0a2edc3a8df8ef0aceebd03b350fd |
| 239 | https://www.foonathan.net/2018/04/optional-container-followup/                                      |     9 |       214 | ac1ad3d94c63ad0c2a892ade9c56f3399cb86f9cd8f6e4fafc909d3ca9e194cd |
| 240 | https://www.foonathan.net/2017/07/operator-precedence/                                              |     9 |       217 | 3dd24ea1ef1cbe879e88de1b145fe3aa768f05ffa248c38575bcd2f747aaff8e |
| 241 | https://www.foonathan.net/blog/2017/03/16/implementation-challenge-bitmask.html                     |     9 |       217 | 5972f26b70dab243da518b5474758e8cf2d00abd64c5561cc93f1ae671326a64 |
| 242 | https://www.foonathan.net/2017/06/lazy-evaluation/#content                                          |     9 |       217 | 9d24ab28ee7bdcc8d4ecaa41831e22b49fa1c3041599bccd5e652efbb8e48c69 |
| 243 | https://www.foonathan.net/2015/09/memory-0.4/                                                       |     9 |       219 | dd739a9a81ce9b7d744dbb8d99918d358632b749edcedb18373e846eb4138512 |
| 244 | https://www.foonathan.net/2016/02/implementation-challenge-2/                                       |     9 |       221 | d74f52286ac27ba259043b1e8d8388c4330fe2236aa1af6720abe1d27f617445 |
| 245 | https://www.foonathan.net/2016/02/memory-0.5/#content                                               |     9 |       221 | 1a0d215baff440a532f36b6065409d8ec5438bb1ae4a93b3b13d316e930129bc |
| 246 | https://www.foonathan.net/2016/03/computational-concepts/                                           |     9 |       223 | 18441a21f5ec64c6d8e43fee4eac2f4bb224509ed44c7e9947644dfb779d9044 |
| 247 | https://www.foonathan.net/2016/03/cmake-install/#content                                            |     9 |       223 | eee758540d916d734c11a0b6c2b2b6cf31ff394ce7c3fed9464ca7c93de79b62 |
| 248 | https://www.foonathan.net/2016/04/allocator-proposals/                                              |     9 |       224 | 405688f5ac506e6854da6c07a74dbbc3f0371745e5287e32bfcf3144a9f88488 |
| 249 | https://www.foonathan.net/2016/12/fixing-initializer-list/                                          |     9 |       228 | c2a917705d118a3c2f8e5070b83ad221790bc783d109a9bb9d3a75598b1e8dc5 |
| 250 | https://www.foonathan.net/2016/12/conditionally-removing-functions/#content                         |     9 |       228 | 314a8ecdd4008c753b548655a0ff94e50c4177a9b2a61eb2ed223155b2118fcc |
| 251 | https://www.foonathan.net/2017/12/visitors/#more                                                    |     9 |       238 | fc46cbc5455ba192e5a8542d156236121483df2b6d3e811bbab5aeec4f371c2d |
| 252 | https://www.foonathan.net/2017/12/exceptions-vs-expected/#more                                      |     9 |       238 | b4059268c672f1ac21e863782636e7ec4091b3289ccd527a29392736fa1ecc00 |
| 253 | https://www.foonathan.net/2017/11/standard-library/#more                                            |     9 |       238 | f0a11cbf6165e5ce0d6d20e69cc268c13be5266463feec8e7121b38f68ef555b |
| 254 | https://www.foonathan.net/2017/10/explicit-assignment/#more                                         |     9 |       238 | e58dd86609da7042e0c2d85934d4adb19495a342c15076fb003582bcb8ba3367 |
| 255 | https://www.foonathan.net/2017/09/destructive-move/#more                                            |     9 |       238 | 3f9bf352282fd54857d902c3506660960b89ded9a9b53916096b98578333667e |
| 256 | https://www.foonathan.net/post/page/10/                                                             |     9 |       238 | 3e2b702e6d559af3420c820e315088fd4a8f2f3f046dee96b56b17f486eb2b59 |
| 257 | https://www.foonathan.net/2017/06/lazy-evaluation/                                                  |    10 |       242 | 9d24ab28ee7bdcc8d4ecaa41831e22b49fa1c3041599bccd5e652efbb8e48c69 |
| 258 | https://www.foonathan.net/2017/06/member-vs-free/#content                                           |    10 |       242 | 1ada9fe6485ef1993297d211eee0c98871ad23c9b92d2ea56486860c9a2244bd |
| 259 | https://www.foonathan.net/2016/02/memory-0.5/                                                       |    10 |       245 | 1a0d215baff440a532f36b6065409d8ec5438bb1ae4a93b3b13d316e930129bc |
| 260 | https://www.foonathan.net/2016/03/cmake-install/                                                    |    10 |       247 | eee758540d916d734c11a0b6c2b2b6cf31ff394ce7c3fed9464ca7c93de79b62 |
| 261 | https://www.foonathan.net/2016/12/conditionally-removing-functions/                                 |    10 |       250 | 314a8ecdd4008c753b548655a0ff94e50c4177a9b2a61eb2ed223155b2118fcc |
| 262 | https://www.foonathan.net/blog/2016/12/08/fixing-initializer-list.html                              |    10 |       250 | d1594e3494ffc5ce2478385533d6e98702672ef1b8a558441aad7fc25b6ecd8f |
| 263 | https://www.foonathan.net/blog/2016/11/26/standardese-0.3.html                                      |    10 |       250 | d63125fe843ccb198522c9d38847e3e11cafb998964c6ef336d7b05cc61b6e9b |
| 264 | https://www.foonathan.net/2016/12/variant/#content                                                  |    10 |       250 | e78c7c5590306276804649d29e76a6554cb76f9c9b5a0e1866ae812f44ba3608 |
| 265 | https://www.foonathan.net/2017/07/operator-precedence/#more                                         |    10 |       256 | 3dd24ea1ef1cbe879e88de1b145fe3aa768f05ffa248c38575bcd2f747aaff8e |
| 266 | https://www.foonathan.net/2017/06/lazy-evaluation/#more                                             |    10 |       256 | 9d24ab28ee7bdcc8d4ecaa41831e22b49fa1c3041599bccd5e652efbb8e48c69 |
| 267 | https://www.foonathan.net/2017/06/member-vs-free/#more                                              |    10 |       256 | 1ada9fe6485ef1993297d211eee0c98871ad23c9b92d2ea56486860c9a2244bd |
| 268 | https://www.foonathan.net/2017/05/preprocessor/#content                                             |    10 |       256 | bd109f630df21e2abcadd3a650ab3e9a1121ed31678db4dbf41e990776014d7f |
| 269 | https://www.foonathan.net/2017/05/preprocessor/#more                                                |    10 |       256 | bd109f630df21e2abcadd3a650ab3e9a1121ed31678db4dbf41e990776014d7f |
| 270 | https://www.foonathan.net/2017/04/cppast/#content                                                   |    10 |       256 | 4b2056ace1d2ef43d1f4617510a52fa668baf007056a817fe356c33ee4f7707b |
| 271 | https://www.foonathan.net/2017/04/cppast/#more                                                      |    10 |       256 | 4b2056ace1d2ef43d1f4617510a52fa668baf007056a817fe356c33ee4f7707b |
| 272 | https://www.foonathan.net/post/page/11/                                                             |    10 |       256 | b3a988269100c4fc81c777ee7631422dea90bc81520cb0dceabe0b1d1862b4d3 |
| 273 | https://www.foonathan.net/2017/06/member-vs-free/                                                   |    11 |       258 | 1ada9fe6485ef1993297d211eee0c98871ad23c9b92d2ea56486860c9a2244bd |
| 274 | https://www.foonathan.net/blog/2015/11/16/overload-resolution-3.html#tag-dispatching-with-priority  |    11 |       258 | fec65ecd37b89d75093b029c4a35dda19f8ad33c5460284815e0fc674c9d50d7 |
| 275 | https://www.foonathan.net/2016/12/variant/                                                          |    11 |       264 | e78c7c5590306276804649d29e76a6554cb76f9c9b5a0e1866ae812f44ba3608 |
| 276 | https://www.foonathan.net/blog/2016/11/04/template-argument-deduction.html                          |    11 |       264 | be12313e5a1d2cfa57a380099367921cdd5f98ff73c9d38e61c9429d4b62f274 |
| 277 | https://www.foonathan.net/blog/2016/12/21/conditionally-removing-functions.html                     |    11 |       264 | f98c8209bb14986af572c933fab2cc8cc4c77ae0543f7fbd4c7d27762e583cb7 |
| 278 | https://www.foonathan.net/2017/01/exceptions-constructor/#content                                   |    11 |       264 | a45ae2ac743094366073f01d53667a6ed160f172e3cc579e9e47eb2c684841fb |
| 279 | https://www.foonathan.net/2017/05/preprocessor/                                                     |    11 |       268 | bd109f630df21e2abcadd3a650ab3e9a1121ed31678db4dbf41e990776014d7f |
| 280 | https://www.foonathan.net/blog/2017/02/08/policy-based-design-problem.html                          |    11 |       268 | b19350d9515245f997d95000e740ed24d607582fcb19a08017390caa03b6eb40 |
| 281 | https://www.foonathan.net/2017/04/cppast/                                                           |    11 |       270 | 4b2056ace1d2ef43d1f4617510a52fa668baf007056a817fe356c33ee4f7707b |
| 282 | https://www.foonathan.net/2017/03/string_view-temporary/#content                                    |    11 |       270 | 7d45aabb05d9f0cec4b5b363b819386ca42ee4a10f0212b1adc37c2aaefaeb13 |
| 283 | https://www.foonathan.net/2017/03/string_view-temporary/#more                                       |    11 |       272 | 7d45aabb05d9f0cec4b5b363b819386ca42ee4a10f0212b1adc37c2aaefaeb13 |
| 284 | https://www.foonathan.net/2017/03/implementation-challenge-bitmask/#content                         |    11 |       272 | baa73676cb123c553fddafbb77ee38972640a6689bd30808a4e955a49ce7654d |
| 285 | https://www.foonathan.net/2017/03/implementation-challenge-bitmask/#more                            |    11 |       272 | baa73676cb123c553fddafbb77ee38972640a6689bd30808a4e955a49ce7654d |
| 286 | https://www.foonathan.net/2017/03/tuple-iterator/#content                                           |    11 |       272 | 6f5ad682a6c7a8ea989750d37aefa917626d80c9ad9f0bd3115f8e4080258a8a |
| 287 | https://www.foonathan.net/2017/03/tuple-iterator/#more                                              |    11 |       272 | 6f5ad682a6c7a8ea989750d37aefa917626d80c9ad9f0bd3115f8e4080258a8a |
| 288 | https://www.foonathan.net/2017/02/policy-based-design-problem/#content                              |    11 |       272 | 98adb2d7077afc99b422fa913a0a246fafc56f3bdc2064124faa6181d1b68dc6 |
| 289 | https://www.foonathan.net/blog/2016/12/28/variant.html                                              |    11 |       272 | e64569709410063c8935a5afa15578949f774b63f236ade7445d952f8a6bced5 |
| 290 | https://www.foonathan.net/2017/02/policy-based-design-problem/#more                                 |    11 |       272 | 98adb2d7077afc99b422fa913a0a246fafc56f3bdc2064124faa6181d1b68dc6 |
| 291 | https://www.foonathan.net/2017/01/function-ref-implementation/#content                              |    11 |       272 | 971268ec794293ada4550871cb348e3d55863046bec6a044eab8b876f3508387 |
| 292 | https://www.foonathan.net/2017/01/function-ref-implementation/#more                                 |    11 |       272 | 971268ec794293ada4550871cb348e3d55863046bec6a044eab8b876f3508387 |
| 293 | https://www.foonathan.net/post/page/12/                                                             |    11 |       272 | c3c083268cb8b98a73aa69946f62d1a1dc259ac62b67f641760d79d69faab6ae |
| 294 | https://www.foonathan.net/2017/01/exceptions-constructor/                                           |    12 |       278 | a45ae2ac743094366073f01d53667a6ed160f172e3cc579e9e47eb2c684841fb |
| 295 | https://www.foonathan.net/blog/2016/10/26/output-parameter.html                                     |    12 |       278 | 9ebb2f9d2c6b0073f26670c84bbf1fc7b6763f6784403989db2b4de806239f81 |
| 296 | https://www.foonathan.net/2017/03/string_view-temporary/                                            |    12 |       282 | 7d45aabb05d9f0cec4b5b363b819386ca42ee4a10f0212b1adc37c2aaefaeb13 |
| 297 | https://www.foonathan.net/blog/2017/01/20/function-ref-implementation.html                          |    12 |       282 | eecfd0234ec78a7915149c4ff983b148e3506f58285eac4e34bf5ecaca37eb06 |
| 298 | https://www.foonathan.net/2017/03/implementation-challenge-bitmask/                                 |    12 |       284 | baa73676cb123c553fddafbb77ee38972640a6689bd30808a4e955a49ce7654d |
| 299 | https://www.foonathan.net/2017/03/tuple-iterator/                                                   |    12 |       286 | 6f5ad682a6c7a8ea989750d37aefa917626d80c9ad9f0bd3115f8e4080258a8a |
| 300 | https://www.foonathan.net/2017/02/policy-based-design-problem/                                      |    12 |       288 | 98adb2d7077afc99b422fa913a0a246fafc56f3bdc2064124faa6181d1b68dc6 |
| 301 | https://www.foonathan.net/2017/01/function-ref-implementation/                                      |    12 |       291 | 971268ec794293ada4550871cb348e3d55863046bec6a044eab8b876f3508387 |
| 302 | https://www.foonathan.net/2017/01/exceptions-constructor/#more                                      |    12 |       293 | a45ae2ac743094366073f01d53667a6ed160f172e3cc579e9e47eb2c684841fb |
| 303 | https://www.foonathan.net/2016/12/variant/#more                                                     |    12 |       293 | e78c7c5590306276804649d29e76a6554cb76f9c9b5a0e1866ae812f44ba3608 |
| 304 | https://www.foonathan.net/2016/12/conditionally-removing-functions/#more                            |    12 |       293 | 314a8ecdd4008c753b548655a0ff94e50c4177a9b2a61eb2ed223155b2118fcc |
| 305 | https://www.foonathan.net/2016/12/fixing-initializer-list/#more                                     |    12 |       293 | c2a917705d118a3c2f8e5070b83ad221790bc783d109a9bb9d3a75598b1e8dc5 |
| 306 | https://www.foonathan.net/2016/11/standardese-0.3/#more                                             |    12 |       293 | d6b9395e38e970ea725d3a31a85380b9939b10264964a1537e0e15bbdb5c11d4 |
| 307 | https://www.foonathan.net/post/page/13/                                                             |    12 |       293 | ee67b8f56eea2651ea84963199714988d0a356e8c4bd261a8ea11cd62acfb083 |
| 308 | https://www.foonathan.net/2016/11/memory-0.6/#more                                                  |    13 |       307 | fcc5edbe32e97fdff11b2c0825049a8c187012abf0597a6fa4a5b71489b3ba27 |
| 309 | https://www.foonathan.net/2016/11/template-argument-deduction/#more                                 |    13 |       307 | 5a405cd0a369cbc0e7b645889945bce94c0cca3e22a560e26c96c1d8a5309a01 |
| 310 | https://www.foonathan.net/2016/10/output-parameter/#more                                            |    13 |       307 | c32af0ca8f91df8ede9fbb56779f0b48219e24abd35cea21456b7918f4e73298 |
| 311 | https://www.foonathan.net/2016/10/strong-typedefs/#more                                             |    13 |       307 | 23f9fcccc795c4b47888f6ef740ef612040369b762845f31e8f9539fcd47fc02 |
| 312 | https://www.foonathan.net/2016/10/type-safe/#more                                                   |    13 |       307 | b77d8ce517ae5a398e8ccdc7550011ef048e77d14cc4d86b1ccf57d9a854fcf0 |
| 313 | https://www.foonathan.net/post/page/14/                                                             |    13 |       307 | 765f094f5a891690b976f3b605f04b4a12420a80b76e39e594d31786fe55a04f |
| 314 | https://www.foonathan.net/2016/09/error-handling-types/#more                                        |    14 |       313 | b1738599a89a26eac2f877c1858a749dd032b32171ddcbb66cb4b034d83b1964 |
| 315 | https://www.foonathan.net/2016/09/assertions/#more                                                  |    14 |       313 | deab23e5ac35baeac83b989cb1287801076a0ad30b699e0a8ad43bc099db0102 |
| 316 | https://www.foonathan.net/2016/09/cpp14-concepts/#more                                              |    14 |       313 | a2ad08d5fd595fe318a404f084d2e75adb1373baa499d05758c35b21b00a8ee7 |
| 317 | https://www.foonathan.net/2016/09/error-handling-strategy/#more                                     |    14 |       313 | 4cb838b7c47f524ca800eb35b306fcc79e3f187d84c22e27839f5bfb760dc3cd |
| 318 | https://www.foonathan.net/2016/08/move-default-ctor/#more                                           |    14 |       313 | a8a3400357dfe80b6bee27ee63694584a7130b5247e4f1ca38d372b413995a5a |
| 319 | https://www.foonathan.net/post/page/15/                                                             |    14 |       313 | 0dd3a2e6e9c6fe979a1a15a4ded33ec6db916006d93fe1784375744b75e49237 |
| 320 | https://www.foonathan.net/2016/08/standardese-02/#more                                              |    15 |       319 | 35885a08cf9c27be46a8676a196fbd90623ffabe0787d161c31a81997248243b |
| 321 | https://www.foonathan.net/2016/07/move-safety/#more                                                 |    15 |       319 | a51c483334e6251f6bb2aa9282d973f0718decfef1d01d8b14eed080c1c7fc2a |
| 322 | https://www.foonathan.net/2016/07/cmake-dependency-handling/#more                                   |    15 |       319 | 6b4645d88ae60a31992f24e59036d8e6a1f2e7230bbb7fed3455fa4288d44f89 |
| 323 | https://www.foonathan.net/2016/06/flexible-error-handling/#more                                     |    15 |       319 | df5dec6ad6a847007234c163990fe37efb5530401ee5b3fccda6c46623f124bf |
| 324 | https://www.foonathan.net/2016/06/standardese-01/#more                                              |    15 |       319 | 0faf16295166dae4afebb3a90c08468aa9e452d9539db58337430d97848ef5de |
| 325 | https://www.foonathan.net/post/page/16/                                                             |    15 |       319 | a275ff5842a79c76fb3b6225ad540da3e955b6397d9407b7604f09bccd595740 |
| 326 | https://www.foonathan.net/2016/05/final2/#more                                                      |    16 |       325 | b139ef994b7cd25027a796fb4b2bcb03baaf061df26453e4b835dca017a722f4 |
| 327 | https://www.foonathan.net/2016/05/final/#more                                                       |    16 |       325 | e069fa7c5eae1ea4072d65e1256d0b6fc7b0b6ecbfd336805807de35c2ed2388 |
| 328 | https://www.foonathan.net/2016/05/issue-driven-development/#more                                    |    16 |       325 | 63a307fad500653e2663bde7f99f679e93ee66722e844c700ad5bb61466d21cc |
| 329 | https://www.foonathan.net/2016/05/standardese-nextgen-doxygen/#more                                 |    16 |       325 | 8d33598662d133324372f08cb5940fb71a7cc1c2071f7924ab3b013f072f895e |
| 330 | https://www.foonathan.net/2016/04/boosting-pools-4/#more                                            |    16 |       325 | 43a560cce11b9ebfc85875d1c8c538fd5989cb31350e141c5131695705ef5d26 |
| 331 | https://www.foonathan.net/post/page/17/                                                             |    16 |       325 | a8fa2c092b6024b18abe2fb5816a8bfd62551b71ab5e590c94d70364aed42d33 |
| 332 | https://www.foonathan.net/2016/04/boosting-pools-3/#more                                            |    17 |       331 | 4df4f511b84f627c5be80335f3259369e2d0d2a151f1334581c09dd20988ca7a |
| 333 | https://www.foonathan.net/2016/04/allocator-proposals/#more                                         |    17 |       331 | 405688f5ac506e6854da6c07a74dbbc3f0371745e5287e32bfcf3144a9f88488 |
| 334 | https://www.foonathan.net/2016/03/boosting-pools-2/#more                                            |    17 |       331 | 9b91dd8a83316e2e434a93dff9fd1735f297e3f34b1d395510fc1107587ba734 |
| 335 | https://www.foonathan.net/2016/03/boosting-pools-1/#more                                            |    17 |       331 | 35baeaa7b9bf0a666dc5b6a31806e216afcf1dfe9bcea8d3e5e4588deb26bae8 |
| 336 | https://www.foonathan.net/2016/03/computational-concepts/#more                                      |    17 |       331 | 18441a21f5ec64c6d8e43fee4eac2f4bb224509ed44c7e9947644dfb779d9044 |
| 337 | https://www.foonathan.net/post/page/18/                                                             |    17 |       331 | 4d9ef4c51e2883b7c1bfe36da01764e3d7a0dab2a3f6c1d78d813de53fe05bd8 |
| 338 | https://www.foonathan.net/2016/03/cmake-install/#more                                               |    18 |       337 | eee758540d916d734c11a0b6c2b2b6cf31ff394ce7c3fed9464ca7c93de79b62 |
| 339 | https://www.foonathan.net/2016/02/memory-0.5/#more                                                  |    18 |       337 | 1a0d215baff440a532f36b6065409d8ec5438bb1ae4a93b3b13d316e930129bc |
| 340 | https://www.foonathan.net/2016/02/implementation-challenge-2/#more                                  |    18 |       337 | d74f52286ac27ba259043b1e8d8388c4330fe2236aa1af6720abe1d27f617445 |
| 341 | https://www.foonathan.net/2016/01/namespace-alias/#more                                             |    18 |       337 | 4564fee9ad6e3bb0617b7e6007659e711054480ee05a83d774503bd8a53ea4d2 |
| 342 | https://www.foonathan.net/2015/12/implementation-challenge-1/#more                                  |    18 |       337 | f670f3bca908ee0d0568bce10beb9980871d10c8dc0ba951bfd7048ed34deb64 |
| 343 | https://www.foonathan.net/post/page/19/                                                             |    18 |       337 | 8593ac765fcf0f14b0cc2a5af2c0f4102a19b150beb130874c6432b41c4a22fc |
| 344 | https://www.foonathan.net/2015/11/overload-resolution-4/#more                                       |    19 |       343 | 1cb8608c08c23e55d91480de0ea759f99ee35e578f01c6fdaf24d421e01fd338 |
| 345 | https://www.foonathan.net/2015/11/overload-resolution-3/#more                                       |    19 |       343 | 1ec8c39f3d9c4476eef19793621cc383050d0ecf661d91b6e9396d8032e12820 |
| 346 | https://www.foonathan.net/2015/11/overload-resolution-2/#more                                       |    19 |       343 | e11bb1b21801d689a0a73eb50f29f895564f3c7953b86e9a208a6a608ed499c5 |
| 347 | https://www.foonathan.net/2015/10/overload-resolution-1/#more                                       |    19 |       343 | 01ae002781a1b3c270e37e00e478d780fbc59cdcfb94b7f90abcfda0792df51d |
| 348 | https://www.foonathan.net/2015/10/allocatorawarecontainer-propagation-pitfalls/#more                |    19 |       343 | 667195ae31eadaddb99581b20baaf9067e0a33f130ff54fbec94d5f9148dd3e7 |
| 349 | https://www.foonathan.net/post/page/20/                                                             |    19 |       343 | 8de50bd1972f90517b0be54ccdf7aac476a5dfb87bbb71bbcbbf8f7a429d400e |
| 350 | https://www.foonathan.net/2015/09/memory-0.4/#more                                                  |    20 |       349 | dd739a9a81ce9b7d744dbb8d99918d358632b749edcedb18373e846eb4138512 |
+-----+-----------------------------------------------------------------------------------------------------+-------+-----------+------------------------------------------------------------------+
